<?xml version="1.0"?>
<testResults>
  <FitNesseVersion>v20160515</FitNesseVersion>
  <rootPath>TutorialSuitesOfTests.SeleniumFirstTest</rootPath>
    <result>
    <counts>
      <right>0</right>
      <wrong>0</wrong>
      <ignores>0</ignores>
      <exceptions>1</exceptions>
    </counts>
    <date>2016-06-02T14:41:37-04:00</date>
    <runTimeInMillis>28558</runTimeInMillis>
    <content>&lt;br/&gt;&lt;div class="contents"&gt;
	&lt;b&gt;Contents:&lt;/b&gt;
	&lt;ul class="toc1"/&gt;
&lt;/div&gt;
&lt;br/&gt;&lt;br/&gt;&lt;table&gt;
	&lt;tr&gt;
		&lt;td&gt;&lt;span class="fit_SUT"&gt;QaTip.Fitnesse.Demo.DoTestFixture&lt;/span&gt;&lt;/td&gt;
	&lt;/tr&gt;
&lt;/table&gt;
&lt;br/&gt;&lt;table&gt;
	&lt;tr&gt;
		&lt;td class="error" colspan="2"&gt;&lt;span class="fit_member"&gt;UILogIn&lt;/span&gt;&lt;hr /&gt;&lt;pre&gt;&lt;div class="fit_stacktrace"&gt;System.Reflection.TargetInvocationException: Exception has been thrown by the target of an invocation. ---&gt; OpenQA.Selenium.DriverServiceNotFoundException: The IEDriverServer.exe file does not exist in the current directory or in a directory on the PATH environment variable. The driver can be downloaded at http://selenium-release.storage.googleapis.com/index.html.
   at OpenQA.Selenium.DriverService.FindDriverServiceExecutable(String executableName, Uri downloadUrl)
   at OpenQA.Selenium.IE.InternetExplorerDriverService.CreateDefaultService()
   at OpenQA.Selenium.IE.InternetExplorerDriver..ctor(InternetExplorerOptions options)
   at QaTip.Fitnesse.Demo.CoreHelpers.InitializeSeleniumBrowser()
   at QaTip.Fitnesse.Demo.DoTestFixture.UILogIn()
   --- End of inner exception stack trace ---
   at fitSharp.Machine.Model.TypedValue.ThrowExceptionIfNotValid()
   at fitSharp.Fit.Engine.InterpretFlow.ProcessFlowRow(Tree`1 table, Int32 rowNumber)&lt;/div&gt;&lt;/pre&gt;&lt;/td&gt;
	&lt;/tr&gt;
	&lt;tr&gt;
		&lt;td&gt;Url&lt;/td&gt;
		&lt;td&gt;navigatetogoogle()&lt;/td&gt;
	&lt;/tr&gt;
	&lt;tr&gt;
		&lt;td&gt;http://google.com&lt;/td&gt;
		&lt;td&gt;&lt;/td&gt;
	&lt;/tr&gt;
&lt;/table&gt;
&lt;br/&gt;</content>
    <relativePageName>SeleniumFirstTest</relativePageName>
          </result>
  <executionLog>
    <testSystem>fit:Fitsharp\Runner.exe</testSystem>
    <command>Fitsharp\Runner.exe -r fitnesse.fitserver.FitServer,FitSharp\fit.dll,FitSharp\fitLibrary.dll -c FitSharp\suite.config.xml ..\Fitnesse\Fixtures\Fitnesse_Dlls\QaTip.Fitnesse.Demo.dll ACNU329C4BY 32249 3863</command>
    <exitCode>1</exitCode>
    <stdOut>6/2/2016 2:41:51 PM: Executing test using Internet Explorer browser.
</stdOut>
    <stdErr></stdErr>
  </executionLog>
  <finalCounts>
    <right>0</right>
    <wrong>0</wrong>
    <ignores>0</ignores>
    <exceptions>1</exceptions>
  </finalCounts>
  <totalRunTimeInMillis>32785</totalRunTimeInMillis>
</testResults>

