<?xml version="1.0"?>
<testResults>
  <FitNesseVersion>v20160515</FitNesseVersion>
  <rootPath>TutorialSuitesOfTests.UiAutomationTestSuite.SearchTestSuite.PerformSearchByIsbn</rootPath>
    <result>
    <counts>
      <right>0</right>
      <wrong>0</wrong>
      <ignores>0</ignores>
      <exceptions>3</exceptions>
    </counts>
    <date>2016-06-09T13:09:27-04:00</date>
    <runTimeInMillis>79811</runTimeInMillis>
    <content>&lt;br/&gt;&lt;table&gt;
	&lt;tr&gt;
		&lt;td&gt;&lt;span class="fit_SUT"&gt;QaTip.Fitnesse.Demo.DoTestFixture&lt;/span&gt;&lt;/td&gt;
	&lt;/tr&gt;
&lt;/table&gt;
&lt;br/&gt;&lt;span class="meta"&gt;variable defined: searchquery=9781476738024&lt;/span&gt;
&lt;br/&gt;&lt;br/&gt;&lt;h1&gt;&lt;span class="blue "&gt;Steps&lt;/span&gt;&lt;/h1&gt;
&lt;h5&gt;&lt;span class="blue "&gt;&lt;i&gt;1. Navigate to Barnes and Noble.com&lt;/i&gt;&lt;/span&gt;&lt;/h5&gt;
&lt;h5&gt;&lt;span class="blue "&gt;&lt;i&gt;2. Validate that you are on the barnes and Noble.com Website&lt;/i&gt;&lt;/span&gt;&lt;/h5&gt;
&lt;h5&gt;&lt;span class="blue "&gt;&lt;i&gt;3. Locate the Search Box and click on Search&lt;/i&gt;&lt;/span&gt;&lt;/h5&gt;
&lt;h5&gt;&lt;span class="blue "&gt;&lt;i&gt;4. Type ISBN into the search box and click on Search&lt;/i&gt;&lt;/span&gt;&lt;/h5&gt;
&lt;h5&gt;&lt;span class="blue "&gt;&lt;i&gt;5. Verify that user can is taken to the description page&lt;/i&gt;&lt;/span&gt;&lt;/h5&gt;
&lt;br/&gt;&lt;br/&gt;&lt;br/&gt;&lt;br/&gt;&lt;table&gt;
	&lt;tr&gt;
		&lt;td class="error" colspan="6"&gt;&lt;span class="fit_member"&gt;NavigateTo&lt;/span&gt;&lt;hr /&gt;&lt;pre&gt;&lt;div class="fit_stacktrace"&gt;System.Reflection.TargetInvocationException: Exception has been thrown by the target of an invocation. ---&gt; OpenQA.Selenium.WebDriverException: The HTTP request to the remote WebDriver server for URL http://localhost:30581/session timed out after 60 seconds. ---&gt; System.Net.WebException: The operation has timed out
   at System.Net.HttpWebRequest.GetResponse()
   at OpenQA.Selenium.Remote.HttpCommandExecutor.CreateResponse(WebRequest request)
   --- End of inner exception stack trace ---
   at OpenQA.Selenium.Remote.HttpCommandExecutor.CreateResponse(WebRequest request)
   at OpenQA.Selenium.Remote.HttpCommandExecutor.Execute(Command commandToExecute)
   at OpenQA.Selenium.Remote.DriverServiceCommandExecutor.Execute(Command commandToExecute)
   at OpenQA.Selenium.Remote.RemoteWebDriver.Execute(String driverCommandToExecute, Dictionary`2 parameters)
   at OpenQA.Selenium.Remote.RemoteWebDriver.StartSession(ICapabilities desiredCapabilities)
   at OpenQA.Selenium.Remote.RemoteWebDriver..ctor(ICommandExecutor commandExecutor, ICapabilities desiredCapabilities)
   at OpenQA.Selenium.IE.InternetExplorerDriver..ctor(InternetExplorerDriverService service, InternetExplorerOptions options)
   at QaTip.Fitnesse.Demo.CoreHelpers.InitializeSeleniumBrowser() in c:\Training\Fitnesse\Fixtures\QaTip.Fitnesse.Demo\QaTip.Fitnesse.Demo\CoreHelpers.cs:line 143
   at QaTip.Fitnesse.Demo.DoTestFixture.NavigateTo() in c:\Training\Fitnesse\Fixtures\QaTip.Fitnesse.Demo\QaTip.Fitnesse.Demo\DoFixture\DoTestFixture.cs:line 46
   --- End of inner exception stack trace ---
   at fitSharp.Machine.Model.TypedValue.ThrowExceptionIfNotValid()
   at fitSharp.Fit.Engine.InterpretFlow.ProcessFlowRow(Tree`1 table, Int32 rowNumber)&lt;/div&gt;&lt;/pre&gt;&lt;/td&gt;
	&lt;/tr&gt;
	&lt;tr&gt;
		&lt;td&gt;url&lt;/td&gt;
		&lt;td&gt;KeywordContainedInTitle&lt;/td&gt;
		&lt;td&gt;NavigateToUrl&lt;/td&gt;
		&lt;td&gt;KeywordContainedInTitle?&lt;/td&gt;
		&lt;td&gt;NavigationSuccessful?&lt;/td&gt;
		&lt;td&gt;getpagetitle&lt;/td&gt;
	&lt;/tr&gt;
	&lt;tr&gt;
		&lt;td&gt;http://bn.com&lt;/td&gt;
		&lt;td&gt;Barnes&lt;/td&gt;
		&lt;td&gt;&lt;/td&gt;
		&lt;td&gt;Barnes&lt;/td&gt;
		&lt;td&gt;Success&lt;/td&gt;
		&lt;td&gt;&lt;/td&gt;
	&lt;/tr&gt;
&lt;/table&gt;
&lt;br/&gt;&lt;br/&gt;&lt;table&gt;
	&lt;tr&gt;
		&lt;td class="error" colspan="4"&gt;&lt;span class="fit_member"&gt;Perform Search&lt;/span&gt;&lt;hr /&gt;&lt;pre&gt;&lt;div class="fit_stacktrace"&gt;System.Reflection.TargetInvocationException: Exception has been thrown by the target of an invocation. ---&gt; System.NullReferenceException: Object reference not set to an instance of an object.
   at QaTip.Fitnesse.Demo.DoFixture.UiFxitures.ManageSearchFixture..ctor(IWebDriver selDriver) in c:\Training\Fitnesse\Fixtures\QaTip.Fitnesse.Demo\QaTip.Fitnesse.Demo\DoFixture\UiFxitures\ManageSearchFixture.cs:line 23
   at QaTip.Fitnesse.Demo.DoTestFixture.PerformSearch() in c:\Training\Fitnesse\Fixtures\QaTip.Fitnesse.Demo\QaTip.Fitnesse.Demo\DoFixture\DoTestFixture.cs:line 55
   --- End of inner exception stack trace ---
   at fitSharp.Machine.Model.TypedValue.ThrowExceptionIfNotValid()
   at fitSharp.Fit.Engine.InterpretFlow.ProcessFlowRow(Tree`1 table, Int32 rowNumber)&lt;/div&gt;&lt;/pre&gt;&lt;/td&gt;
	&lt;/tr&gt;
	&lt;tr&gt;
		&lt;td&gt;SearchBoxExist?&lt;/td&gt;
		&lt;td&gt;searchbox?&lt;/td&gt;
		&lt;td&gt;searchQuery&lt;/td&gt;
		&lt;td&gt;Execute Search&lt;/td&gt;
	&lt;/tr&gt;
	&lt;tr&gt;
		&lt;td&gt;YES&lt;/td&gt;
		&lt;td&gt;&lt;/td&gt;
		&lt;td&gt;9781476738024&lt;/td&gt;
		&lt;td&gt;&lt;/td&gt;
	&lt;/tr&gt;
&lt;/table&gt;
&lt;br/&gt;&lt;br/&gt;&lt;table&gt;
	&lt;tr&gt;
		&lt;td colspan="2"&gt;&lt;span class="fit_member"&gt;testhelper&lt;/span&gt;&lt;/td&gt;
	&lt;/tr&gt;
	&lt;tr&gt;
		&lt;td&gt;&lt;span class="fit_member"&gt;WaitSeconds&lt;/span&gt;&lt;/td&gt;
		&lt;td&gt;&lt;span class="fit_member"&gt;wait&lt;/span&gt;&lt;/td&gt;
	&lt;/tr&gt;
	&lt;tr&gt;
		&lt;td&gt;15&lt;/td&gt;
		&lt;td&gt;&lt;span class="fit_grey"&gt; Slept 15 seconds&lt;/span&gt;&lt;/td&gt;
	&lt;/tr&gt;
&lt;/table&gt;
&lt;br/&gt;&lt;table&gt;
	&lt;tr&gt;
		&lt;td class="error" colspan="4"&gt;&lt;span class="fit_member"&gt;GetSearchResults&lt;/span&gt;&lt;hr /&gt;&lt;pre&gt;&lt;div class="fit_stacktrace"&gt;System.Reflection.TargetInvocationException: Exception has been thrown by the target of an invocation. ---&gt; System.NullReferenceException: Object reference not set to an instance of an object.
   at QaTip.Fitnesse.Demo.DoFixture.UiFxitures.ManageSearchFixture..ctor(IWebDriver selDriver) in c:\Training\Fitnesse\Fixtures\QaTip.Fitnesse.Demo\QaTip.Fitnesse.Demo\DoFixture\UiFxitures\ManageSearchFixture.cs:line 23
   at QaTip.Fitnesse.Demo.DoTestFixture.GetSearchResults() in c:\Training\Fitnesse\Fixtures\QaTip.Fitnesse.Demo\QaTip.Fitnesse.Demo\DoFixture\DoTestFixture.cs:line 60
   --- End of inner exception stack trace ---
   at fitSharp.Machine.Model.TypedValue.ThrowExceptionIfNotValid()
   at fitSharp.Fit.Engine.InterpretFlow.ProcessFlowRow(Tree`1 table, Int32 rowNumber)&lt;/div&gt;&lt;/pre&gt;&lt;/td&gt;
	&lt;/tr&gt;
	&lt;tr&gt;
		&lt;td&gt;productDescription?&lt;/td&gt;
		&lt;td&gt;productTitle?&lt;/td&gt;
		&lt;td&gt;author?&lt;/td&gt;
		&lt;td&gt;productPrice?&lt;/td&gt;
	&lt;/tr&gt;
	&lt;tr&gt;
		&lt;td&gt;&lt;/td&gt;
		&lt;td&gt;A Man Called Ove&lt;/td&gt;
		&lt;td&gt;&lt;/td&gt;
		&lt;td&gt;&lt;/td&gt;
	&lt;/tr&gt;
&lt;/table&gt;
&lt;br/&gt;&lt;table&gt;
	&lt;tr&gt;
		&lt;td&gt;&lt;span class="fit_member"&gt;CleanUpAndCloseBrowser&lt;/span&gt;&lt;/td&gt;
	&lt;/tr&gt;
	&lt;tr&gt;
		&lt;td&gt;&lt;span class="fit_member"&gt;CloseBrowser&lt;/span&gt;&lt;/td&gt;
	&lt;/tr&gt;
	&lt;tr&gt;
		&lt;td&gt;&lt;/td&gt;
	&lt;/tr&gt;
&lt;/table&gt;
 &lt;br/&gt;</content>
    <relativePageName>PerformSearchByIsbn</relativePageName>
          </result>
  <executionLog>
    <testSystem>fit:Fitsharp\Runner.exe</testSystem>
    <command>Fitsharp\Runner.exe -r fitnesse.fitserver.FitServer,FitSharp\fit.dll,FitSharp\fitLibrary.dll -c FitSharp\suite.config.xml ..\Fitnesse\Fixtures\Fitnesse_Dlls\QaTip.Fitnesse.Demo.dll ACNU329C4BY 30576 3863</command>
    <exitCode>1</exitCode>
    <stdOut>6/9/2016 1:09:27 PM: Executing test using Internet Explorer browser.
Started InternetExplorerDriver server (32-bit)
2.53.0.0
Listening on port 30581
Only local connections are allowed
Unable to connect to the remote server
6/9/2016 1:10:46 PM: Closing Browser...
</stdOut>
    <stdErr></stdErr>
  </executionLog>
  <finalCounts>
    <right>0</right>
    <wrong>0</wrong>
    <ignores>0</ignores>
    <exceptions>1</exceptions>
  </finalCounts>
  <totalRunTimeInMillis>84416</totalRunTimeInMillis>
</testResults>

