<?xml version="1.0"?>
<testResults>
  <FitNesseVersion>v20160515</FitNesseVersion>
  <rootPath>TutorialSuitesOfTests.UiAutomationTestSuite.SearchTestSuite.PerformSearchByIsbn</rootPath>
    <result>
    <counts>
      <right>0</right>
      <wrong>0</wrong>
      <ignores>0</ignores>
      <exceptions>3</exceptions>
    </counts>
    <date>2024-09-01T06:50:04-04:00</date>
    <runTimeInMillis>15106</runTimeInMillis>
    <content>&lt;br/&gt;&lt;table&gt;
	&lt;tr&gt;
		&lt;td&gt;&lt;span class="fit_SUT"&gt;QaTip.Fitnesse.Demo.DoTestFixture&lt;/span&gt;&lt;/td&gt;
	&lt;/tr&gt;
&lt;/table&gt;
&lt;br/&gt;&lt;span class="meta"&gt;variable defined: searchquery=9781476738024&lt;/span&gt;
&lt;br/&gt;&lt;br/&gt;&lt;h1&gt;&lt;span class="blue "&gt;Steps&lt;/span&gt;&lt;/h1&gt;
&lt;h5&gt;&lt;span class="blue "&gt;&lt;i&gt;1. Navigate to Barnes and Noble.com&lt;/i&gt;&lt;/span&gt;&lt;/h5&gt;
&lt;h5&gt;&lt;span class="blue "&gt;&lt;i&gt;2. Validate that you are on the barnes and Noble.com Website&lt;/i&gt;&lt;/span&gt;&lt;/h5&gt;
&lt;h5&gt;&lt;span class="blue "&gt;&lt;i&gt;3. Locate the Search Box and click on Search&lt;/i&gt;&lt;/span&gt;&lt;/h5&gt;
&lt;h5&gt;&lt;span class="blue "&gt;&lt;i&gt;4. Type ISBN into the search box and click on Search&lt;/i&gt;&lt;/span&gt;&lt;/h5&gt;
&lt;h5&gt;&lt;span class="blue "&gt;&lt;i&gt;5. Verify that user can is taken to the description page&lt;/i&gt;&lt;/span&gt;&lt;/h5&gt;
&lt;br/&gt;&lt;br/&gt;&lt;br/&gt;&lt;br/&gt;&lt;table&gt;
	&lt;tr&gt;
		&lt;td class="error" colspan="6"&gt;&lt;span class="fit_member"&gt;NavigateTo&lt;/span&gt;&lt;hr /&gt;&lt;pre&gt;&lt;div class="fit_stacktrace"&gt;System.Reflection.TargetInvocationException: Exception has been thrown by the target of an invocation. ---&gt; System.TypeInitializationException: The type initializer for 'OpenQA.Selenium.SeleniumManager' threw an exception. ---&gt; OpenQA.Selenium.WebDriverException: Unable to locate or obtain Selenium Manager binary at C:\QATIP-FITSEL-Framework\Fixtures\QaTip.Fitnesse.Demo\QaTip.Fitnesse.Demo\Fitsharp\selenium-manager\windows\selenium-manager.exe
   at OpenQA.Selenium.SeleniumManager..cctor()
   --- End of inner exception stack trace ---
   at OpenQA.Selenium.SeleniumManager.BinaryPaths(String arguments)
   at OpenQA.Selenium.DriverFinder.BinaryPaths()
   at OpenQA.Selenium.DriverFinder.GetDriverPath()
   at OpenQA.Selenium.IE.InternetExplorerDriver.GenerateDriverServiceCommandExecutor(DriverService service, DriverOptions options, TimeSpan commandTimeout)
   at OpenQA.Selenium.IE.InternetExplorerDriver..ctor(InternetExplorerDriverService service, InternetExplorerOptions options)
   at QaTip.Fitnesse.Demo.CoreHelpers.InitializeSeleniumBrowser() in C:\QATIP-FITSEL-Framework\Fixtures\QaTip.Fitnesse.Demo\QaTip.Fitnesse.Demo\CoreHelpers.cs:line 217
   at QaTip.Fitnesse.Demo.DoTestFixture.NavigateTo() in C:\QATIP-FITSEL-Framework\Fixtures\QaTip.Fitnesse.Demo\QaTip.Fitnesse.Demo\DoFixture\DoTestFixture.cs:line 79
   --- End of inner exception stack trace ---
   at fitSharp.Machine.Model.TypedValue.ThrowExceptionIfNotValid()
   at fitSharp.Fit.Engine.InterpretFlow.ProcessFlowRow(Tree`1 table, Int32 rowNumber)&lt;/div&gt;&lt;/pre&gt;&lt;/td&gt;
	&lt;/tr&gt;
	&lt;tr&gt;
		&lt;td&gt;url&lt;/td&gt;
		&lt;td&gt;KeywordContainedInTitle&lt;/td&gt;
		&lt;td&gt;NavigateToUrl&lt;/td&gt;
		&lt;td&gt;KeywordContainedInTitle?&lt;/td&gt;
		&lt;td&gt;NavigationSuccessful?&lt;/td&gt;
		&lt;td&gt;getpagetitle&lt;/td&gt;
	&lt;/tr&gt;
	&lt;tr&gt;
		&lt;td&gt;http://bn.com&lt;/td&gt;
		&lt;td&gt;Barnes&lt;/td&gt;
		&lt;td&gt;&lt;/td&gt;
		&lt;td&gt;Barnes&lt;/td&gt;
		&lt;td&gt;&lt;/td&gt;
		&lt;td&gt;&lt;/td&gt;
	&lt;/tr&gt;
&lt;/table&gt;
&lt;br/&gt;&lt;br/&gt;&lt;table&gt;
	&lt;tr&gt;
		&lt;td class="error" colspan="4"&gt;&lt;span class="fit_member"&gt;Perform Search&lt;/span&gt;&lt;hr /&gt;&lt;pre&gt;&lt;div class="fit_stacktrace"&gt;System.Reflection.TargetInvocationException: Exception has been thrown by the target of an invocation. ---&gt; System.NullReferenceException: Object reference not set to an instance of an object.
   at QaTip.Fitnesse.Demo.DoFixture.UiFxitures.ManageSearchFixture..ctor(IWebDriver selDriver) in C:\QATIP-FITSEL-Framework\Fixtures\QaTip.Fitnesse.Demo\QaTip.Fitnesse.Demo\DoFixture\UiFxitures\ManageSearchFixture.cs:line 23
   at QaTip.Fitnesse.Demo.DoTestFixture.PerformSearch() in C:\QATIP-FITSEL-Framework\Fixtures\QaTip.Fitnesse.Demo\QaTip.Fitnesse.Demo\DoFixture\DoTestFixture.cs:line 107
   --- End of inner exception stack trace ---
   at fitSharp.Machine.Model.TypedValue.ThrowExceptionIfNotValid()
   at fitSharp.Fit.Engine.InterpretFlow.ProcessFlowRow(Tree`1 table, Int32 rowNumber)&lt;/div&gt;&lt;/pre&gt;&lt;/td&gt;
	&lt;/tr&gt;
	&lt;tr&gt;
		&lt;td&gt;SearchBoxExist?&lt;/td&gt;
		&lt;td&gt;searchbox?&lt;/td&gt;
		&lt;td&gt;searchQuery&lt;/td&gt;
		&lt;td&gt;Execute Search&lt;/td&gt;
	&lt;/tr&gt;
	&lt;tr&gt;
		&lt;td&gt;YES&lt;/td&gt;
		&lt;td&gt;&lt;/td&gt;
		&lt;td&gt;9781476738024&lt;/td&gt;
		&lt;td&gt;&lt;/td&gt;
	&lt;/tr&gt;
&lt;/table&gt;
&lt;br/&gt;&lt;br/&gt;&lt;table&gt;
	&lt;tr&gt;
		&lt;td colspan="2"&gt;&lt;span class="fit_member"&gt;testhelper&lt;/span&gt;&lt;/td&gt;
	&lt;/tr&gt;
	&lt;tr&gt;
		&lt;td&gt;&lt;span class="fit_member"&gt;WaitSeconds&lt;/span&gt;&lt;/td&gt;
		&lt;td&gt;&lt;span class="fit_member"&gt;wait&lt;/span&gt;&lt;/td&gt;
	&lt;/tr&gt;
	&lt;tr&gt;
		&lt;td&gt;15&lt;/td&gt;
		&lt;td&gt;&lt;span class="fit_grey"&gt; Slept 15 seconds&lt;/span&gt;&lt;/td&gt;
	&lt;/tr&gt;
&lt;/table&gt;
&lt;br/&gt;&lt;table&gt;
	&lt;tr&gt;
		&lt;td class="error" colspan="3"&gt;&lt;span class="fit_member"&gt;GetSearchResults&lt;/span&gt;&lt;hr /&gt;&lt;pre&gt;&lt;div class="fit_stacktrace"&gt;System.Reflection.TargetInvocationException: Exception has been thrown by the target of an invocation. ---&gt; System.NullReferenceException: Object reference not set to an instance of an object.
   at QaTip.Fitnesse.Demo.DoFixture.UiFxitures.ManageSearchFixture..ctor(IWebDriver selDriver) in C:\QATIP-FITSEL-Framework\Fixtures\QaTip.Fitnesse.Demo\QaTip.Fitnesse.Demo\DoFixture\UiFxitures\ManageSearchFixture.cs:line 23
   at QaTip.Fitnesse.Demo.DoTestFixture.GetSearchResults() in C:\QATIP-FITSEL-Framework\Fixtures\QaTip.Fitnesse.Demo\QaTip.Fitnesse.Demo\DoFixture\DoTestFixture.cs:line 112
   --- End of inner exception stack trace ---
   at fitSharp.Machine.Model.TypedValue.ThrowExceptionIfNotValid()
   at fitSharp.Fit.Engine.InterpretFlow.ProcessFlowRow(Tree`1 table, Int32 rowNumber)&lt;/div&gt;&lt;/pre&gt;&lt;/td&gt;
	&lt;/tr&gt;
	&lt;tr&gt;
		&lt;td&gt;productTitle?&lt;/td&gt;
		&lt;td&gt;author?&lt;/td&gt;
		&lt;td&gt;productPrice?&lt;/td&gt;
	&lt;/tr&gt;
	&lt;tr&gt;
		&lt;td&gt;A Man Called Ove&lt;/td&gt;
		&lt;td&gt;&lt;/td&gt;
		&lt;td&gt;&lt;/td&gt;
	&lt;/tr&gt;
&lt;/table&gt;
&lt;br/&gt;&lt;table&gt;
	&lt;tr&gt;
		&lt;td&gt;&lt;span class="fit_member"&gt;CleanUpAndCloseBrowser&lt;/span&gt;&lt;/td&gt;
	&lt;/tr&gt;
	&lt;tr&gt;
		&lt;td&gt;&lt;span class="fit_member"&gt;CloseBrowser&lt;/span&gt;&lt;/td&gt;
	&lt;/tr&gt;
	&lt;tr&gt;
		&lt;td&gt;&lt;/td&gt;
	&lt;/tr&gt;
&lt;/table&gt;
 &lt;br/&gt;</content>
    <relativePageName>PerformSearchByIsbn</relativePageName>
          </result>
  <executionLog>
    <testSystem>fit:C:\QATIP-FITSEL-Framework\Fixtures\QaTip.Fitnesse.Demo\QaTip.Fitnesse.Demo\Fitsharp\Runner.exe</testSystem>
    <command>C:\QATIP-FITSEL-Framework\Fixtures\QaTip.Fitnesse.Demo\QaTip.Fitnesse.Demo\Fitsharp\Runner.exe -r fitnesse.fitserver.FitServer,C:\QATIP-FITSEL-Framework\Fixtures\QaTip.Fitnesse.Demo\QaTip.Fitnesse.Demo\Fitsharp\fit.dll,C:\QATIP-FITSEL-Framework\Fixtures\QaTip.Fitnesse.Demo\QaTip.Fitnesse.Demo\Fitsharp\fitLibrary.dll -c C:\QATIP-FITSEL-Framework\Fixtures\QaTip.Fitnesse.Demo\QaTip.Fitnesse.Demo\Fitsharp\suite.config.xml C:\QATIP-FITSEL-Framework\Fixtures\Fitnesse_Dlls\QaTip.Fitnesse.Demo.dll LAPTOP-9BC19LUV 56740 3863</command>
    <exitCode>3</exitCode>
    <stdOut>File path: C:\QATIP-FITSEL-Framework\Fixtures\Fitnesse_Dlls\QaTip.Fitnesse.Demo.dll.config
9/1/2024 6:50:04 AM: Did not find connection strings defined for the ContentManager application!
9/1/2024 6:50:04 AM: Executing test using Internet Explorer browser.
9/1/2024 6:50:19 AM: Closing Browser...
</stdOut>
    <stdErr></stdErr>
  </executionLog>
  <finalCounts>
    <right>0</right>
    <wrong>0</wrong>
    <ignores>0</ignores>
    <exceptions>1</exceptions>
  </finalCounts>
  <totalRunTimeInMillis>15837</totalRunTimeInMillis>
</testResults>

